0 verbose cli C:\Program Files\nodejs\node.exe C:\Program Files\nodejs\node_modules\npm\bin\npm-cli.js
1 info using npm@11.6.0
2 info using node@v24.9.0
3 silly config load:file:C:\Program Files\nodejs\node_modules\npm\npmrc
4 info config found workspace root at C:\Users\G\Desktop\Builds\sigilnet
5 silly config load:file:C:\Users\G\Desktop\Builds\sigilnet\.npmrc
6 warn Unknown project config "store-dir". This will stop working in the next major version of npm.
7 silly config load:file:C:\Users\G\.npmrc
8 silly config load:file:C:\Users\G\AppData\Roaming\npm\etc\npmrc
9 verbose title npm pack
10 verbose argv "pack" "--dry-run" "--cache" ".npm-cache"
11 verbose logfile logs-max:10 dir:C:\Users\G\Desktop\Builds\sigilnet\packages\QWormhole\.npm-cache\_logs\2026-02-27T17_18_39_288Z-
12 verbose logfile C:\Users\G\Desktop\Builds\sigilnet\packages\QWormhole\.npm-cache\_logs\2026-02-27T17_18_39_288Z-debug-0.log
13 silly logfile done cleaning log files
14 http fetch GET https://registry.npmjs.org/npm attempt 1 failed with ECONNREFUSED
15 silly packumentCache heap:4496293888 maxSize:1124073472 maxEntrySize:562036736
16 http fetch GET https://registry.npmjs.org/npm attempt 2 failed with ECONNREFUSED
17 notice
18 notice package: @gsknnft/qwormhole@0.3.0
19 notice Tarball Contents
20 notice 1.6kB LICENSE
20 notice 29.4kB README.md
20 notice 4.4kB binding.gyp
20 notice 89.8kB c/qwormhole_lws.cpp
20 notice 4.0kB c/qwormhole.cpp
20 notice 305B dist/browser.d.ts
20 notice 1.2kB dist/browser.js
20 notice 410B dist/browser/emitter.d.ts
20 notice 753B dist/browser/emitter.js
20 notice 606B dist/browser/types.d.ts
20 notice 77B dist/browser/types.js
20 notice 707B dist/browser/webtransport-client.d.ts
20 notice 2.9kB dist/browser/webtransport-client.js
20 notice 681B dist/browser/ws-client.d.ts
20 notice 2.8kB dist/browser/ws-client.js
20 notice 9.1kB dist/coherence/adapter.js
20 notice 773B dist/coherence/geometric-regime.js
20 notice 1.3kB dist/coherence/governance-signals.d.ts
20 notice 1.6kB dist/coherence/governance-signals.js
20 notice 1.3kB dist/coherence/index.d.ts
20 notice 5.0kB dist/coherence/index.js
20 notice 66.4kB dist/coherence/run-coherence.js
20 notice 10.3kB dist/core/flow-controller.d.ts
20 notice 41.1kB dist/core/flow-controller.js
20 notice 451B dist/core/index.d.ts
20 notice 1.5kB dist/core/index.js
20 notice 1.1kB dist/core/transport-coherence.d.ts
20 notice 7.3kB dist/core/transport-coherence.js
20 notice 890B dist/core/transport-governance-policy.d.ts
20 notice 3.8kB dist/core/transport-governance-policy.js
20 notice 374.8kB dist/index.cjs
20 notice 569.1kB dist/index.js
20 notice 530.9kB dist/native/qwormhole_lws.node
20 notice 39.5kB dist/schema/signal-trial.d.ts
20 notice 15.0kB dist/schema/signal-trial.js
20 notice 103B dist/types/adapters/index.d.ts
20 notice 1.9kB dist/types/adapters/mlAdapter.d.ts
20 notice 978B dist/types/adapters/transport-adapter.d.ts
20 notice 926B dist/types/adapters/wireguard-adapter.d.ts
20 notice 305B dist/types/browser.d.ts
20 notice 410B dist/types/browser/emitter.d.ts
20 notice 606B dist/types/browser/types.d.ts
20 notice 707B dist/types/browser/webtransport-client.d.ts
20 notice 681B dist/types/browser/ws-client.d.ts
20 notice 1.9kB dist/types/client/index.d.ts
20 notice 1.5kB dist/types/coherence/adapter.d.ts
20 notice 664B dist/types/coherence/attractors/aizawa.d.ts
20 notice 56B dist/types/coherence/attractors/index.d.ts
20 notice 322B dist/types/coherence/attractors/projection.d.ts
20 notice 590B dist/types/coherence/c-detector.d.ts
20 notice 211B dist/types/coherence/coherence.d.ts
20 notice 943B dist/types/coherence/coherenceStep.d.ts
20 notice 1.5kB dist/types/coherence/commitment-detector.d.ts
20 notice 1.2kB dist/types/coherence/field-stability.d.ts
20 notice 11B dist/types/coherence/fitj.d.ts
20 notice 1.0kB dist/types/coherence/geometric-regime.d.ts
20 notice 663B dist/types/coherence/geometry.d.ts
20 notice 1.3kB dist/types/coherence/governance-signals.d.ts
20 notice 1.3kB dist/types/coherence/index.d.ts
20 notice 431B dist/types/coherence/invariants-lite.d.ts
20 notice 1.0kB dist/types/coherence/invariants.d.ts
20 notice 514B dist/types/coherence/jSpaceResolution.d.ts
20 notice 84B dist/types/coherence/latency.d.ts
20 notice 867B dist/types/coherence/loop.d.ts
20 notice 261B dist/types/coherence/meta_observer.d.ts
20 notice 854B dist/types/coherence/nbo.d.ts
20 notice 619B dist/types/coherence/ncf.d.ts
20 notice 908B dist/types/coherence/presets.d.ts
20 notice 384B dist/types/coherence/qvariants.d.ts
20 notice 1.3kB dist/types/coherence/resolution.d.ts
20 notice 828B dist/types/coherence/run-coherence.d.ts
20 notice 1.6kB dist/types/coherence/sim.d.ts
20 notice 241B dist/types/coherence/spectral.d.ts
20 notice 3.0kB dist/types/coherence/superformula.d.ts
20 notice 245B dist/types/coherence/telemetry.d.ts
20 notice 173B dist/types/coherence/tools.d.ts
20 notice 6.5kB dist/types/coherence/types.d.ts
20 notice 822B dist/types/core/base-runtime.d.ts
20 notice 5.8kB dist/types/core/batch-framer.d.ts
20 notice 570B dist/types/core/codecs.d.ts
20 notice 499B dist/types/core/CoherenceController.d.ts
20 notice 1.8kB dist/types/core/factory.d.ts
20 notice 10.3kB dist/types/core/flow-controller.d.ts
20 notice 500B dist/types/core/framing.d.ts
20 notice 451B dist/types/core/index.d.ts
20 notice 1.5kB dist/types/core/native-server.d.ts
20 notice 1.7kB dist/types/core/native-socket.d.ts
20 notice 2.1kB dist/types/core/NativeTCPClient.d.ts
20 notice 1.3kB dist/types/core/qos.d.ts
20 notice 1.5kB dist/types/core/runtime.d.ts
20 notice 140B dist/types/core/TcpClient.d.ts
20 notice 1.1kB dist/types/core/transport-coherence.d.ts
20 notice 890B dist/types/core/transport-governance-policy.d.ts
20 notice 3.5kB dist/types/handshake/entropy-policy.d.ts
20 notice 599B dist/types/handshake/handshake-policy.d.ts
20 notice 147B dist/types/handshake/index.d.ts
20 notice 762B dist/types/handshake/negentropic-handshake.d.ts
20 notice 2.6kB dist/types/handshake/negentropic-hash.d.ts
20 notice 201B dist/types/http/envelope/codec.d.ts
20 notice 25B dist/types/http/envelope/index.d.ts
20 notice 23B dist/types/http/index.d.ts
20 notice 1.2kB dist/types/http/rpc.d.ts
20 notice 343B dist/types/index.d.ts
20 notice 174B dist/types/legacy/coherence.d.ts
20 notice 485B dist/types/node/discovery.d.ts
20 notice 422B dist/types/node/gossip.d.ts
20 notice 147B dist/types/node/index.d.ts
20 notice 1.6kB dist/types/node/node-runtime.d.ts
20 notice 301B dist/types/node/peer-table.d.ts
20 notice 899B dist/types/node/peer-types.d.ts
20 notice 3.3kB dist/types/registry/index.d.ts
20 notice 55B dist/types/schema/index.d.ts
20 notice 6.0kB dist/types/schema/scp.d.ts
20 notice 11B dist/types/schema/scp2.d.ts
20 notice 39.5kB dist/types/schema/signal-trial.d.ts
20 notice 1.6kB dist/types/server/index.d.ts
20 notice 3.7kB dist/types/session/index.d.ts
20 notice 11B dist/types/telemetry/chaos-detection.d.ts
20 notice 265B dist/types/transports/diagnostics.d.ts
20 notice 454B dist/types/transports/factory.d.ts
20 notice 156B dist/types/transports/index.d.ts
20 notice 240B dist/types/transports/kcp/index.d.ts
20 notice 1.1kB dist/types/transports/kcp/kcp-arq.d.ts
20 notice 995B dist/types/transports/kcp/kcp-client.d.ts
20 notice 410B dist/types/transports/kcp/kcp-config.d.ts
20 notice 284B dist/types/transports/kcp/kcp-encode.d.ts
20 notice 372B dist/types/transports/kcp/kcp-header.d.ts
20 notice 1.4kB dist/types/transports/kcp/kcp-server.d.ts
20 notice 1.6kB dist/types/transports/kcp/kcp-session.d.ts
20 notice 116B dist/types/transports/kcp/start-client.d.ts
20 notice 149B dist/types/transports/mux/index.d.ts
20 notice 268B dist/types/transports/mux/mux-error.d.ts
20 notice 218B dist/types/transports/mux/mux-frame.d.ts
20 notice 157B dist/types/transports/mux/mux-framer.d.ts
20 notice 685B dist/types/transports/mux/mux-session.d.ts
20 notice 366B dist/types/transports/mux/mux-stream.d.ts
20 notice 149B dist/types/transports/quic/index.d.ts
20 notice 157B dist/types/transports/quic/quic-binding.d.ts
20 notice 1.4kB dist/types/transports/quic/quic-server.d.ts
20 notice 2.8kB dist/types/transports/quic/quic-transport.d.ts
20 notice 758B dist/types/transports/quic/quic-ws.d.ts
20 notice 2.2kB dist/types/transports/quic/types.d.ts
20 notice 853B dist/types/transports/transport.d.ts
20 notice 90B dist/types/transports/ws/index.d.ts
20 notice 156B dist/types/transports/ws/ws-client.d.ts
20 notice 251B dist/types/transports/ws/ws-server.d.ts
20 notice 690B dist/types/transports/ws/ws-transport.d.ts
20 notice 2.6kB dist/types/tunnel/index.d.ts
20 notice 1.0kB dist/types/types/context.d.ts
20 notice 153B dist/types/types/index.d.ts
20 notice 2.9kB dist/types/types/sigil.types.d.ts
20 notice 5.9kB dist/types/types/sigilnet.types.d.ts
20 notice 496B dist/types/types/TransportMetrics.d.ts
20 notice 13.1kB dist/types/types/types.d.ts
20 notice 260B dist/types/utils/crypto.d.ts
20 notice 405B dist/types/utils/errors.d.ts
20 notice 243B dist/types/utils/index.d.ts
20 notice 1.5kB dist/types/utils/negentropic-diagnostics.d.ts
20 notice 94B dist/types/utils/netUtils.d.ts
20 notice 839B dist/types/utils/randomId.d.ts
20 notice 1.9kB dist/types/utils/seal.d.ts
20 notice 267B dist/types/utils/telemetry-logger.d.ts
20 notice 738B dist/types/utils/typedEmitter.d.ts
20 notice 5.8kB package.json
20 notice 517.6kB prebuilds/win32-x64/qwormhole_lws.node
21 notice Tarball Details
22 notice name: @gsknnft/qwormhole
23 notice version: 0.3.0
24 notice filename: gsknnft-qwormhole-0.3.0.tgz
25 notice package size: 873.9 kB
26 notice unpacked size: 2.5 MB
27 notice shasum: 14036be868d5424fbdc590073f00b2dff7bc2c18
28 notice integrity: sha512-7+T8+8bNAeh1i[...]2W4DanK2C/9Tw==
29 notice total files: 165
30 notice
31 verbose cwd C:\Users\G\Desktop\Builds\sigilnet\packages\QWormhole
32 verbose os Windows_NT 10.0.26200
33 verbose node v24.9.0
34 verbose npm  v11.6.0
35 verbose exit 0
36 info ok
